c:\users\patrick\documents\github\ai-final-project\release\aifinal.ipdb
c:\users\patrick\documents\github\ai-final-project\release\aifinal.iobj
c:\users\patrick\documents\github\ai-final-project\release\vc141.pdb
c:\users\patrick\documents\github\ai-final-project\release\main.obj
c:\users\patrick\documents\github\ai-final-project\release\car.obj
c:\users\patrick\documents\github\ai-final-project\release\aifinal.exe
c:\users\patrick\documents\github\ai-final-project\release\aifinal.pdb
c:\users\ron\documents\github\ai-final-project\release\car.obj
c:\users\ron\documents\github\ai-final-project\release\main.obj
c:\users\ron\documents\github\ai-final-project\release\aifinal.ipdb
c:\users\ron\documents\github\ai-final-project\release\aifinal.iobj
c:\users\ron\documents\github\ai-final-project\release\aifinal.pdb
c:\users\ron\documents\github\ai-final-project\release\vc141.pdb
c:\users\ron\documents\github\ai-final-project\release\aifinal.exe
c:\users\ron\documents\github\ai-final-project\release\aifinal.tlog\aifinal.write.1u.tlog
c:\users\ron\documents\github\ai-final-project\release\aifinal.tlog\cl.command.1.tlog
c:\users\ron\documents\github\ai-final-project\release\aifinal.tlog\cl.read.1.tlog
c:\users\ron\documents\github\ai-final-project\release\aifinal.tlog\cl.write.1.tlog
c:\users\ron\documents\github\ai-final-project\release\aifinal.tlog\link.command.1.tlog
c:\users\ron\documents\github\ai-final-project\release\aifinal.tlog\link.read.1.tlog
c:\users\ron\documents\github\ai-final-project\release\aifinal.tlog\link.write.1.tlog
